Start testing: May 13 16:19 대한민국 표준시
----------------------------------------------------------
1/2 Testing: GildedRoseTest.Foo
1/2 Test: GildedRoseTest.Foo
Command: "C:/DEV/week1_day3/GildedRose_07/cpp/build/gilded_rose_test.exe" "--gtest_filter=GildedRoseTest.Foo" "--gtest_also_run_disabled_tests"
Directory: C:/DEV/week1_day3/GildedRose_07/cpp/build
"GildedRoseTest.Foo" start time: May 13 16:19 대한민국 표준시
Output:
----------------------------------------------------------
Running main() from C:\DEV\week1_day3\GildedRose_07\cpp\build\_deps\googletest-src\googletest\src\gtest_main.cc
Note: Google Test filter = GildedRoseTest.Foo
[==========] Running 1 test from 1 test suite.
[----------] Global test environment set-up.
[----------] 1 test from GildedRoseTest
[ RUN      ] GildedRoseTest.Foo
[       OK ] GildedRoseTest.Foo (0 ms)
[----------] 1 test from GildedRoseTest (0 ms total)

[----------] Global test environment tear-down
[==========] 1 test from 1 test suite ran. (0 ms total)
[  PASSED  ] 1 test.
<end of output>
Test time =   0.01 sec
----------------------------------------------------------
Test Passed.
"GildedRoseTest.Foo" end time: May 13 16:19 대한민국 표준시
"GildedRoseTest.Foo" time elapsed: 00:00:00
----------------------------------------------------------

2/2 Testing: GildedRoseTest.noname_sellin_0_quality_0
2/2 Test: GildedRoseTest.noname_sellin_0_quality_0
Command: "C:/DEV/week1_day3/GildedRose_07/cpp/build/gilded_rose_test.exe" "--gtest_filter=GildedRoseTest.noname_sellin_0_quality_0" "--gtest_also_run_disabled_tests"
Directory: C:/DEV/week1_day3/GildedRose_07/cpp/build
"GildedRoseTest.noname_sellin_0_quality_0" start time: May 13 16:19 대한민국 표준시
Output:
----------------------------------------------------------
Running main() from C:\DEV\week1_day3\GildedRose_07\cpp\build\_deps\googletest-src\googletest\src\gtest_main.cc
Note: Google Test filter = GildedRoseTest.noname_sellin_0_quality_0
[==========] Running 1 test from 1 test suite.
[----------] Global test environment set-up.
[----------] 1 test from GildedRoseTest
[ RUN      ] GildedRoseTest.noname_sellin_0_quality_0
[       OK ] GildedRoseTest.noname_sellin_0_quality_0 (0 ms)
[----------] 1 test from GildedRoseTest (0 ms total)

[----------] Global test environment tear-down
[==========] 1 test from 1 test suite ran. (0 ms total)
[  PASSED  ] 1 test.
<end of output>
Test time =   0.01 sec
----------------------------------------------------------
Test Passed.
"GildedRoseTest.noname_sellin_0_quality_0" end time: May 13 16:19 대한민국 표준시
"GildedRoseTest.noname_sellin_0_quality_0" time elapsed: 00:00:00
----------------------------------------------------------

End testing: May 13 16:19 대한민국 표준시
